  Background.cpp
  main.cpp
  People.cpp
D:\my documents\APCS\year2\Programming_Systems\project\CS202\CS202\People.cpp(86,35): warning C4244: 'argument': conversion from 'int' to 'float', possible loss of data
D:\my documents\APCS\year2\Programming_Systems\project\CS202\CS202\People.cpp(86,26): warning C4244: 'argument': conversion from 'int' to 'float', possible loss of data
D:\my documents\APCS\year2\Programming_Systems\project\CS202\CS202\People.cpp(87,26): warning C4305: 'argument': truncation from 'double' to 'float'
  Vehicle.cpp
D:\my documents\APCS\year2\Programming_Systems\project\CS202\CS202\Vehicle.cpp(63,34): warning C4244: 'argument': conversion from 'int' to 'float', possible loss of data
D:\my documents\APCS\year2\Programming_Systems\project\CS202\CS202\Vehicle.cpp(63,23): warning C4244: 'argument': conversion from 'int' to 'float', possible loss of data
D:\my documents\APCS\year2\Programming_Systems\project\CS202\CS202\Vehicle.cpp(81,40): warning C4244: 'argument': conversion from 'int' to 'float', possible loss of data
D:\my documents\APCS\year2\Programming_Systems\project\CS202\CS202\Vehicle.cpp(81,26): warning C4244: 'argument': conversion from 'int' to 'float', possible loss of data
D:\my documents\APCS\year2\Programming_Systems\project\CS202\CS202\Vehicle.cpp(120,40): warning C4244: 'argument': conversion from 'int' to 'float', possible loss of data
D:\my documents\APCS\year2\Programming_Systems\project\CS202\CS202\Vehicle.cpp(120,26): warning C4244: 'argument': conversion from 'int' to 'float', possible loss of data
D:\my documents\APCS\year2\Programming_Systems\project\CS202\CS202\Vehicle.cpp(138,40): warning C4244: 'argument': conversion from 'int' to 'float', possible loss of data
D:\my documents\APCS\year2\Programming_Systems\project\CS202\CS202\Vehicle.cpp(138,26): warning C4244: 'argument': conversion from 'int' to 'float', possible loss of data
  Generating Code...
Background.obj : error LNK2019: unresolved external symbol "__declspec(dllimport) public: void __cdecl sf::Transformable::setPosition(class sf::Vector2<float> const &)" (__imp_?setPosition@Transformable@sf@@QEAAXAEBV?$Vector2@M@2@@Z) referenced in function "public: void __cdecl Background::draw(class sf::RenderWindow &)" (?draw@Background@@QEAAXAEAVRenderWindow@sf@@@Z)
Background.obj : error LNK2019: unresolved external symbol "__declspec(dllimport) public: void __cdecl sf::Shape::setTexture(class sf::Texture const *,bool)" (__imp_?setTexture@Shape@sf@@QEAAXPEBVTexture@2@_N@Z) referenced in function "private: void __cdecl Background::loadTexture(void)" (?loadTexture@Background@@AEAAXXZ)
Background.obj : error LNK2019: unresolved external symbol "__declspec(dllimport) public: __cdecl sf::Texture::Texture(void)" (__imp_??0Texture@sf@@QEAA@XZ) referenced in function "public: __cdecl Background::Background(void)" (??0Background@@QEAA@XZ)
People.obj : error LNK2001: unresolved external symbol "__declspec(dllimport) public: __cdecl sf::Texture::Texture(void)" (__imp_??0Texture@sf@@QEAA@XZ)
Vehicle.obj : error LNK2001: unresolved external symbol "__declspec(dllimport) public: __cdecl sf::Texture::Texture(void)" (__imp_??0Texture@sf@@QEAA@XZ)
Background.obj : error LNK2019: unresolved external symbol "__declspec(dllimport) public: __cdecl sf::Texture::~Texture(void)" (__imp_??1Texture@sf@@QEAA@XZ) referenced in function "int `public: __cdecl Background::Background(void)'::`1'::dtor$5" (?dtor$5@?0???0Background@@QEAA@XZ@4HA)
People.obj : error LNK2001: unresolved external symbol "__declspec(dllimport) public: __cdecl sf::Texture::~Texture(void)" (__imp_??1Texture@sf@@QEAA@XZ)
Vehicle.obj : error LNK2001: unresolved external symbol "__declspec(dllimport) public: __cdecl sf::Texture::~Texture(void)" (__imp_??1Texture@sf@@QEAA@XZ)
Background.obj : error LNK2019: unresolved external symbol "__declspec(dllimport) public: bool __cdecl sf::Texture::loadFromFile(class std::basic_string<char,struct std::char_traits<char>,class std::allocator<char> > const &,class sf::Rect<int> const &)" (__imp_?loadFromFile@Texture@sf@@QEAA_NAEBV?$basic_string@DU?$char_traits@D@std@@V?$allocator@D@2@@std@@AEBV?$Rect@H@2@@Z) referenced in function "private: void __cdecl Background::loadTexture(void)" (?loadTexture@Background@@AEAAXXZ)
People.obj : error LNK2001: unresolved external symbol "__declspec(dllimport) public: bool __cdecl sf::Texture::loadFromFile(class std::basic_string<char,struct std::char_traits<char>,class std::allocator<char> > const &,class sf::Rect<int> const &)" (__imp_?loadFromFile@Texture@sf@@QEAA_NAEBV?$basic_string@DU?$char_traits@D@std@@V?$allocator@D@2@@std@@AEBV?$Rect@H@2@@Z)
Vehicle.obj : error LNK2001: unresolved external symbol "__declspec(dllimport) public: bool __cdecl sf::Texture::loadFromFile(class std::basic_string<char,struct std::char_traits<char>,class std::allocator<char> > const &,class sf::Rect<int> const &)" (__imp_?loadFromFile@Texture@sf@@QEAA_NAEBV?$basic_string@DU?$char_traits@D@std@@V?$allocator@D@2@@std@@AEBV?$Rect@H@2@@Z)
Background.obj : error LNK2019: unresolved external symbol "__declspec(dllimport) public: __cdecl sf::RectangleShape::RectangleShape(class sf::Vector2<float> const &)" (__imp_??0RectangleShape@sf@@QEAA@AEBV?$Vector2@M@1@@Z) referenced in function "public: __cdecl Background::Background(void)" (??0Background@@QEAA@XZ)
Background.obj : error LNK2019: unresolved external symbol "__declspec(dllimport) public: void __cdecl sf::RectangleShape::setSize(class sf::Vector2<float> const &)" (__imp_?setSize@RectangleShape@sf@@QEAAXAEBV?$Vector2@M@2@@Z) referenced in function "public: __cdecl Background::Background(void)" (??0Background@@QEAA@XZ)
Background.obj : error LNK2019: unresolved external symbol "__declspec(dllimport) public: virtual __cdecl sf::RectangleShape::~RectangleShape(void)" (__imp_??1RectangleShape@sf@@UEAA@XZ) referenced in function "int `public: __cdecl Background::Background(void)'::`1'::dtor$0" (?dtor$0@?0???0Background@@QEAA@XZ@4HA)
Background.obj : error LNK2019: unresolved external symbol "__declspec(dllimport) public: void __cdecl sf::RenderTarget::draw(class sf::Drawable const &,class sf::RenderStates const &)" (__imp_?draw@RenderTarget@sf@@QEAAXAEBVDrawable@2@AEBVRenderStates@2@@Z) referenced in function "public: void __cdecl Background::draw(class sf::RenderWindow &)" (?draw@Background@@QEAAXAEAVRenderWindow@sf@@@Z)
People.obj : error LNK2001: unresolved external symbol "__declspec(dllimport) public: void __cdecl sf::RenderTarget::draw(class sf::Drawable const &,class sf::RenderStates const &)" (__imp_?draw@RenderTarget@sf@@QEAAXAEBVDrawable@2@AEBVRenderStates@2@@Z)
Vehicle.obj : error LNK2001: unresolved external symbol "__declspec(dllimport) public: void __cdecl sf::RenderTarget::draw(class sf::Drawable const &,class sf::RenderStates const &)" (__imp_?draw@RenderTarget@sf@@QEAAXAEBVDrawable@2@AEBVRenderStates@2@@Z)
Background.obj : error LNK2019: unresolved external symbol "__declspec(dllimport) public: static class sf::RenderStates const sf::RenderStates::Default" (__imp_?Default@RenderStates@sf@@2V12@B) referenced in function "public: void __cdecl Background::draw(class sf::RenderWindow &)" (?draw@Background@@QEAAXAEAVRenderWindow@sf@@@Z)
People.obj : error LNK2001: unresolved external symbol "__declspec(dllimport) public: static class sf::RenderStates const sf::RenderStates::Default" (__imp_?Default@RenderStates@sf@@2V12@B)
Vehicle.obj : error LNK2001: unresolved external symbol "__declspec(dllimport) public: static class sf::RenderStates const sf::RenderStates::Default" (__imp_?Default@RenderStates@sf@@2V12@B)
main.obj : error LNK2019: unresolved external symbol "__declspec(dllimport) public: __cdecl sf::String::String(char const *,class std::locale const &)" (__imp_??0String@sf@@QEAA@PEBDAEBVlocale@std@@@Z) referenced in function main
main.obj : error LNK2019: unresolved external symbol "__declspec(dllimport) public: __cdecl sf::String::~String(void)" (__imp_??1String@sf@@QEAA@XZ) referenced in function main
main.obj : error LNK2019: unresolved external symbol "__declspec(dllimport) public: __cdecl sf::VideoMode::VideoMode(unsigned int,unsigned int,unsigned int)" (__imp_??0VideoMode@sf@@QEAA@III@Z) referenced in function main
main.obj : error LNK2019: unresolved external symbol "__declspec(dllimport) public: void __cdecl sf::Window::close(void)" (__imp_?close@Window@sf@@QEAAXXZ) referenced in function main
main.obj : error LNK2019: unresolved external symbol "__declspec(dllimport) public: bool __cdecl sf::Window::isOpen(void)const " (__imp_?isOpen@Window@sf@@QEBA_NXZ) referenced in function main
main.obj : error LNK2019: unresolved external symbol "__declspec(dllimport) public: bool __cdecl sf::Window::pollEvent(class sf::Event &)" (__imp_?pollEvent@Window@sf@@QEAA_NAEAVEvent@2@@Z) referenced in function main
main.obj : error LNK2019: unresolved external symbol "__declspec(dllimport) public: void __cdecl sf::Window::display(void)" (__imp_?display@Window@sf@@QEAAXXZ) referenced in function main
main.obj : error LNK2019: unresolved external symbol "__declspec(dllimport) public: __cdecl sf::Color::Color(unsigned char,unsigned char,unsigned char,unsigned char)" (__imp_??0Color@sf@@QEAA@EEEE@Z) referenced in function main
main.obj : error LNK2019: unresolved external symbol "__declspec(dllimport) public: void __cdecl sf::RenderTarget::clear(class sf::Color const &)" (__imp_?clear@RenderTarget@sf@@QEAAXAEBVColor@2@@Z) referenced in function main
main.obj : error LNK2019: unresolved external symbol "__declspec(dllimport) public: __cdecl sf::RenderWindow::RenderWindow(class sf::VideoMode,class sf::String const &,unsigned int,struct sf::ContextSettings const &)" (__imp_??0RenderWindow@sf@@QEAA@VVideoMode@1@AEBVString@1@IAEBUContextSettings@1@@Z) referenced in function main
main.obj : error LNK2019: unresolved external symbol "__declspec(dllimport) public: virtual __cdecl sf::RenderWindow::~RenderWindow(void)" (__imp_??1RenderWindow@sf@@UEAA@XZ) referenced in function main
People.obj : error LNK2019: unresolved external symbol "__declspec(dllimport) public: void __cdecl sf::Transformable::setPosition(float,float)" (__imp_?setPosition@Transformable@sf@@QEAAXMM@Z) referenced in function "public: void __cdecl CPEOPLE::draw(class sf::RenderWindow &)" (?draw@CPEOPLE@@QEAAXAEAVRenderWindow@sf@@@Z)
Vehicle.obj : error LNK2001: unresolved external symbol "__declspec(dllimport) public: void __cdecl sf::Transformable::setPosition(float,float)" (__imp_?setPosition@Transformable@sf@@QEAAXMM@Z)
People.obj : error LNK2019: unresolved external symbol "__declspec(dllimport) public: void __cdecl sf::Transformable::setScale(float,float)" (__imp_?setScale@Transformable@sf@@QEAAXMM@Z) referenced in function "public: void __cdecl CPEOPLE::draw(class sf::RenderWindow &)" (?draw@CPEOPLE@@QEAAXAEAVRenderWindow@sf@@@Z)
People.obj : error LNK2019: unresolved external symbol "__declspec(dllimport) public: __cdecl sf::Sprite::Sprite(class sf::Texture const &)" (__imp_??0Sprite@sf@@QEAA@AEBVTexture@1@@Z) referenced in function "public: void __cdecl CPEOPLE::draw(class sf::RenderWindow &)" (?draw@CPEOPLE@@QEAAXAEAVRenderWindow@sf@@@Z)
People.obj : error LNK2019: unresolved external symbol "__declspec(dllimport) public: virtual __cdecl sf::Sprite::~Sprite(void)" (__imp_??1Sprite@sf@@UEAA@XZ) referenced in function "public: void __cdecl CPEOPLE::draw(class sf::RenderWindow &)" (?draw@CPEOPLE@@QEAAXAEAVRenderWindow@sf@@@Z)
Vehicle.obj : error LNK2001: unresolved external symbol "__declspec(dllimport) public: virtual __cdecl sf::Sprite::~Sprite(void)" (__imp_??1Sprite@sf@@UEAA@XZ)
Vehicle.obj : error LNK2019: unresolved external symbol "__declspec(dllimport) public: __cdecl sf::Sprite::Sprite(void)" (__imp_??0Sprite@sf@@QEAA@XZ) referenced in function "public: virtual void __cdecl CBIRD::draw(class sf::RenderWindow &)" (?draw@CBIRD@@UEAAXAEAVRenderWindow@sf@@@Z)
Vehicle.obj : error LNK2019: unresolved external symbol "__declspec(dllimport) public: void __cdecl sf::Sprite::setTexture(class sf::Texture const &,bool)" (__imp_?setTexture@Sprite@sf@@QEAAXAEBVTexture@2@_N@Z) referenced in function "public: virtual void __cdecl CBIRD::draw(class sf::RenderWindow &)" (?draw@CBIRD@@UEAAXAEAVRenderWindow@sf@@@Z)
Vehicle.obj : error LNK2019: unresolved external symbol "__declspec(dllimport) public: void __cdecl sf::Sound::setBuffer(class sf::SoundBuffer const &)" (__imp_?setBuffer@Sound@sf@@QEAAXAEBVSoundBuffer@2@@Z) referenced in function "public: virtual void __cdecl CBIRD::tell(class sf::SoundBuffer &,class sf::Sound &)" (?tell@CBIRD@@UEAAXAEAVSoundBuffer@sf@@AEAVSound@3@@Z)
Vehicle.obj : error LNK2019: unresolved external symbol "__declspec(dllimport) public: bool __cdecl sf::SoundBuffer::loadFromFile(class std::basic_string<char,struct std::char_traits<char>,class std::allocator<char> > const &)" (__imp_?loadFromFile@SoundBuffer@sf@@QEAA_NAEBV?$basic_string@DU?$char_traits@D@std@@V?$allocator@D@2@@std@@@Z) referenced in function "public: virtual void __cdecl CBIRD::tell(class sf::SoundBuffer &,class sf::Sound &)" (?tell@CBIRD@@UEAAXAEAVSoundBuffer@sf@@AEAVSound@3@@Z)
D:\my documents\APCS\year2\Programming_Systems\project\CS202\SFML-2.5.1-windows-vc15-32-bit\SFML-2.5.1\lib\sfml-audio-d.lib : warning LNK4272: library machine type 'x86' conflicts with target machine type 'x64'
D:\my documents\APCS\year2\Programming_Systems\project\CS202\SFML-2.5.1-windows-vc15-32-bit\SFML-2.5.1\lib\sfml-network-d.lib : warning LNK4272: library machine type 'x86' conflicts with target machine type 'x64'
D:\my documents\APCS\year2\Programming_Systems\project\CS202\SFML-2.5.1-windows-vc15-32-bit\SFML-2.5.1\lib\sfml-graphics-d.lib : warning LNK4272: library machine type 'x86' conflicts with target machine type 'x64'
D:\my documents\APCS\year2\Programming_Systems\project\CS202\SFML-2.5.1-windows-vc15-32-bit\SFML-2.5.1\lib\sfml-window-d.lib : warning LNK4272: library machine type 'x86' conflicts with target machine type 'x64'
D:\my documents\APCS\year2\Programming_Systems\project\CS202\SFML-2.5.1-windows-vc15-32-bit\SFML-2.5.1\lib\sfml-system-d.lib : warning LNK4272: library machine type 'x86' conflicts with target machine type 'x64'
D:\my documents\APCS\year2\Programming_Systems\project\CS202\x64\Debug\CS202.exe : fatal error LNK1120: 29 unresolved externals
